2018-05-07 00:27:31.5616 INFO -1 Güncelleme Modül Açýlýþ
2018-05-07 00:27:31.5915 ERROR System.Data.SqlClient.SqlException (0x80131904): Error converting data type nvarchar to float.
   konum: System.Data.SqlClient.SqlConnection.OnError(SqlException exception, Boolean breakConnection, Action`1 wrapCloseInAction)
   konum: System.Data.SqlClient.SqlInternalConnection.OnError(SqlException exception, Boolean breakConnection, Action`1 wrapCloseInAction)
   konum: System.Data.SqlClient.TdsParser.ThrowExceptionAndWarning(TdsParserStateObject stateObj, Boolean callerHasConnectionLock, Boolean asyncClose)
   konum: System.Data.SqlClient.TdsParser.TryRun(RunBehavior runBehavior, SqlCommand cmdHandler, SqlDataReader dataStream, BulkCopySimpleResultSet bulkCopyHandler, TdsParserStateObject stateObj, Boolean& dataReady)
   konum: System.Data.SqlClient.SqlDataReader.TryHasMoreRows(Boolean& moreRows)
   konum: System.Data.SqlClient.SqlDataReader.TryReadInternal(Boolean setTimeout, Boolean& more)
   konum: System.Data.SqlClient.SqlDataReader.Read()
   konum: System.Data.Common.DataAdapter.FillLoadDataRow(SchemaMapping mapping)
   konum: System.Data.Common.DataAdapter.FillFromReader(DataSet dataset, DataTable datatable, String srcTable, DataReaderContainer dataReader, Int32 startRecord, Int32 maxRecords, DataColumn parentChapterColumn, Object parentChapterValue)
   konum: System.Data.Common.DataAdapter.Fill(DataTable[] dataTables, IDataReader dataReader, Int32 startRecord, Int32 maxRecords)
   konum: System.Data.Common.DbDataAdapter.FillInternal(DataSet dataset, DataTable[] datatables, Int32 startRecord, Int32 maxRecords, String srcTable, IDbCommand command, CommandBehavior behavior)
   konum: System.Data.Common.DbDataAdapter.Fill(DataTable[] dataTables, Int32 startRecord, Int32 maxRecords, IDbCommand command, CommandBehavior behavior)
   konum: System.Data.Common.DbDataAdapter.Fill(DataTable dataTable)
   konum: GuncellemeKontrol.cls_Checked.OptimusGeliyorEkibiIle(String _strProgramAdi, String _strVer)
   konum: Hizmet_Guncelleme.frmGuncelle.frmGuncelle_Load(Object sender, EventArgs e) D:\FTH\Project\Windows\Hizmet Müþteri Memnuiyet Yönetimi\Hizmet Müþteri Memnuiyet Yönetimi_Kodlar\Hizmet_MusMemnuniyet\Hizmet_Guncelleme\frmGuncelle.cs içinde: satýr 33
ClientConnectionId:512c8db1-ccfc-4669-b290-2788ad5597ef
Error Number:8114,State:5,Class:16
2018-05-07 00:30:06.6068 INFO -1 Güncelleme Modül Açýlýþ
2018-05-07 00:43:32.5352 INFO -1 Güncelleme Ýþlemi
2018-05-07 00:43:32.5633 ERROR System.ComponentModel.Win32Exception (0x80004005): Sistem belirtilen dosyayý bulamýyor
   konum: System.Diagnostics.Process.StartWithShellExecuteEx(ProcessStartInfo startInfo)
   konum: System.Diagnostics.Process.Start()
   konum: System.Diagnostics.Process.Start(ProcessStartInfo startInfo)
   konum: System.Diagnostics.Process.Start(String fileName)
   konum: Hizmet_Guncelleme.frmGuncelle.ProgramGuncelleBtn_Click(Object sender, EventArgs e) D:\FTH\Project\Windows\Hizmet Müþteri Memnuiyet Yönetimi\Hizmet Müþteri Memnuiyet Yönetimi_Kodlar\Hizmet_MusMemnuniyet\Hizmet_Guncelleme\frmGuncelle.cs içinde: satýr 105
2018-05-07 00:46:16.0328 INFO -1 Güncelleme Ýþlemi
2018-05-07 00:46:16.0609 ERROR System.ComponentModel.Win32Exception (0x80004005): Sistem belirtilen dosyayý bulamýyor
   konum: System.Diagnostics.Process.StartWithShellExecuteEx(ProcessStartInfo startInfo)
   konum: System.Diagnostics.Process.Start()
   konum: System.Diagnostics.Process.Start(ProcessStartInfo startInfo)
   konum: System.Diagnostics.Process.Start(String fileName)
   konum: Hizmet_Guncelleme.frmGuncelle.ProgramGuncelleBtn_Click(Object sender, EventArgs e) D:\FTH\Project\Windows\Hizmet Müþteri Memnuiyet Yönetimi\Hizmet Müþteri Memnuiyet Yönetimi_Kodlar\Hizmet_MusMemnuniyet\Hizmet_Guncelleme\frmGuncelle.cs içinde: satýr 107
